2021-08-26 20:21:25.652 [restartedMain] INFO  c.tomorrowcat.online_class.OnlineClassApplication - Starting OnlineClassApplication on PC1 with PID 4724 (F:\Desktop\XD-threeStages-class\my-coding\9-myCode\online_class\target\classes started by DELL in F:\Desktop\XD-threeStages-class\my-coding\9-myCode\online_class)
2021-08-26 20:21:25.658 [restartedMain] INFO  c.tomorrowcat.online_class.OnlineClassApplication - No active profile set, falling back to default profiles: default
2021-08-26 20:21:25.855 [restartedMain] INFO  o.s.b.d.env.DevToolsPropertyDefaultsPostProcessor - Devtools property defaults active! Set 'spring.devtools.add-properties' to 'false' to disable
2021-08-26 20:21:25.856 [restartedMain] INFO  o.s.b.d.env.DevToolsPropertyDefaultsPostProcessor - For additional web related logging consider setting the 'logging.level.web' property to 'DEBUG'
2021-08-26 20:21:27.779 [restartedMain] INFO  o.s.boot.web.embedded.tomcat.TomcatWebServer - Tomcat initialized with port(s): 8089 (http)
2021-08-26 20:21:27.790 [restartedMain] INFO  org.apache.coyote.http11.Http11NioProtocol - Initializing ProtocolHandler ["http-nio-8089"]
2021-08-26 20:21:27.791 [restartedMain] INFO  org.apache.catalina.core.StandardService - Starting service [Tomcat]
2021-08-26 20:21:27.791 [restartedMain] INFO  org.apache.catalina.core.StandardEngine - Starting Servlet engine: [Apache Tomcat/9.0.43]
2021-08-26 20:21:27.973 [restartedMain] INFO  o.a.c.core.ContainerBase.[Tomcat].[localhost].[/] - Initializing Spring embedded WebApplicationContext
2021-08-26 20:21:27.973 [restartedMain] INFO  o.s.b.w.s.c.ServletWebServerApplicationContext - Root WebApplicationContext: initialization completed in 2116 ms
2021-08-26 20:21:29.256 [restartedMain] INFO  o.s.scheduling.concurrent.ThreadPoolTaskExecutor - Initializing ExecutorService 'applicationTaskExecutor'
2021-08-26 20:21:29.558 [restartedMain] INFO  o.s.b.d.autoconfigure.OptionalLiveReloadServer - LiveReload server is running on port 35729
2021-08-26 20:21:29.571 [restartedMain] INFO  org.apache.coyote.http11.Http11NioProtocol - Starting ProtocolHandler ["http-nio-8089"]
2021-08-26 20:21:29.593 [restartedMain] INFO  o.s.boot.web.embedded.tomcat.TomcatWebServer - Tomcat started on port(s): 8089 (http) with context path ''
2021-08-26 20:21:29.606 [restartedMain] INFO  c.tomorrowcat.online_class.OnlineClassApplication - Started OnlineClassApplication in 4.91 seconds (JVM running for 6.372)
2021-08-26 20:22:09.510 [http-nio-8089-exec-2] INFO  o.a.c.core.ContainerBase.[Tomcat].[localhost].[/] - Initializing Spring DispatcherServlet 'dispatcherServlet'
2021-08-26 20:22:09.511 [http-nio-8089-exec-2] INFO  org.springframework.web.servlet.DispatcherServlet - Initializing Servlet 'dispatcherServlet'
2021-08-26 20:22:09.523 [http-nio-8089-exec-2] INFO  org.springframework.web.servlet.DispatcherServlet - Completed initialization in 11 ms
2021-08-26 20:22:09.604 [http-nio-8089-exec-2] INFO  com.zaxxer.hikari.HikariDataSource - HikariPool-1 - Starting...
2021-08-26 20:22:10.383 [http-nio-8089-exec-2] INFO  com.zaxxer.hikari.HikariDataSource - HikariPool-1 - Start completed.
2021-08-26 20:22:10.535 [http-nio-8089-exec-1] INFO  c.t.online_class.controller.VideoController - get video list.... videoSize= 18 
2021-08-26 20:23:38.619 [http-nio-8089-exec-7] INFO  c.t.online_class.controller.VideoController - get video list.... videoSize= 18 
2021-08-26 20:23:49.194 [http-nio-8089-exec-3] INFO  c.t.online_class.controller.VideoController - get video list.... videoSize= 18 
2021-08-26 20:24:05.567 [http-nio-8089-exec-10] INFO  c.t.online_class.controller.VideoController - get video list.... videoSize= 18 
2021-08-26 20:25:16.131 [http-nio-8089-exec-7] INFO  c.t.online_class.controller.VideoController - get video list.... videoSize= 18 
2021-08-26 20:25:27.506 [http-nio-8089-exec-2] INFO  c.t.online_class.controller.VideoController - get video list.... videoSize= 18 
